[handleMsg]:  Message {
  _data: {
    id: {
      fromMe: false,
      remote: '5493533417461@c.us',
      id: '3EB059C640A62EB7248065',
      _serialized: 'false_5493533417461@c.us_3EB059C640A62EB7248065'
    },
    viewed: false,
    body: 'hola',
    type: 'chat',
    t: 1711306469,
    notifyName: 'Carina Rodríguez',
    from: '5493533417461@c.us',
    to: '5493533499701@c.us',
    ack: 1,
    invis: false,
    isNewMsg: true,
    star: false,
    kicNotified: false,
    recvFresh: true,
    isFromTemplate: false,
    thumbnail: '',
    pollInvalidated: false,
    isSentCagPollCreation: false,
    latestEditMsgKey: null,
    latestEditSenderTimestampMs: null,
    mentionedJidList: [],
    groupMentions: [],
    isEventCanceled: false,
    eventInvalidated: false,
    isVcardOverMmsDocument: false,
    hasReaction: false,
    ephemeralSettingTimestamp: 1709164245,
    disappearingModeInitiator: 'chat',
    disappearingModeTrigger: 'chat_settings',
    inviteGrpType: 'DEFAULT',
    productHeaderImageRejected: false,
    lastPlaybackProgress: 0,
    isDynamicReplyButtonsMsg: false,
    isCarouselCard: false,
    parentMsgId: null,
    isMdHistoryMsg: false,
    stickerSentTs: 0,
    isAvatar: false,
    lastUpdateFromServerTs: 0,
    invokedBotWid: null,
    bizBotType: null,
    botResponseTargetId: null,
    botPluginType: null,
    botPluginReferenceIndex: null,
    botPluginSearchProvider: null,
    botPluginSearchUrl: null,
    botPluginMaybeParent: false,
    botReelPluginThumbnailCdnUrl: null,
    botMsgBodyType: null,
    requiresDirectConnection: null,
    bizContentPlaceholderType: null,
    hostedBizEncStateMismatch: false,
    senderOrRecipientAccountTypeHosted: false,
    placeholderCreatedWhenAccountIsHosted: false,
    links: []
  },
  mediaKey: undefined,
  id: {
    fromMe: false,
    remote: '5493533417461@c.us',
    id: '3EB059C640A62EB7248065',
    _serialized: 'false_5493533417461@c.us_3EB059C640A62EB7248065'
  },
  ack: 1,
  hasMedia: false,
  body: 'hola',
  type: 'chat',
  timestamp: 1711306469,
  from: '5493533417461',
  to: '5493533499701@c.us',
  author: undefined,
  deviceType: 'android',
  isForwarded: undefined,
  forwardingScore: 0,
  isStatus: false,
  isStarred: false,
  broadcast: undefined,
  fromMe: false,
  hasQuotedMsg: false,
  hasReaction: false,
  duration: undefined,
  location: undefined,
  vCards: [],
  inviteV4: undefined,
  mentionedIds: [],
  orderId: undefined,
  token: undefined,
  isGif: false,
  isEphemeral: undefined,
  links: []
}
[QUEUE_SE_ENVIO]:  {
  ref: 'ans_0fae8c25-30e9-4425-afe1-f8a86c5f6746',
  keyword: 'key_95290b26-2302-4411-95eb-59bdcd6fa5a3',
  answer: '__call_action__',
  options: {
    media: null,
    buttons: [],
    capture: false,
    child: null,
    delay: 0,
    idle: null,
    ref: null,
    nested: [],
    keyword: {},
    callback: true
  },
  refSerialize: 'f324efd8f4ed6a8c4eef9181b5b41615'
}
[handleMsg]:  Message {
  _data: {
    id: {
      fromMe: false,
      remote: '5493533417461@c.us',
      id: '3EB067466AA87ECC09C03C',
      _serialized: 'false_5493533417461@c.us_3EB067466AA87ECC09C03C'
    },
    viewed: false,
    body: '1',
    type: 'chat',
    t: 1711306472,
    notifyName: 'Carina Rodríguez',
    from: '5493533417461@c.us',
    to: '5493533499701@c.us',
    ack: 1,
    invis: false,
    isNewMsg: true,
    star: false,
    kicNotified: false,
    recvFresh: true,
    isFromTemplate: false,
    thumbnail: '',
    pollInvalidated: false,
    isSentCagPollCreation: false,
    latestEditMsgKey: null,
    latestEditSenderTimestampMs: null,
    mentionedJidList: [],
    groupMentions: [],
    isEventCanceled: false,
    eventInvalidated: false,
    isVcardOverMmsDocument: false,
    hasReaction: false,
    ephemeralSettingTimestamp: 1709164245,
    disappearingModeInitiator: 'chat',
    disappearingModeTrigger: 'chat_settings',
    inviteGrpType: 'DEFAULT',
    productHeaderImageRejected: false,
    lastPlaybackProgress: 0,
    isDynamicReplyButtonsMsg: false,
    isCarouselCard: false,
    parentMsgId: null,
    isMdHistoryMsg: false,
    stickerSentTs: 0,
    isAvatar: false,
    lastUpdateFromServerTs: 0,
    invokedBotWid: null,
    bizBotType: null,
    botResponseTargetId: null,
    botPluginType: null,
    botPluginReferenceIndex: null,
    botPluginSearchProvider: null,
    botPluginSearchUrl: null,
    botPluginMaybeParent: false,
    botReelPluginThumbnailCdnUrl: null,
    botMsgBodyType: null,
    requiresDirectConnection: null,
    bizContentPlaceholderType: null,
    hostedBizEncStateMismatch: false,
    senderOrRecipientAccountTypeHosted: false,
    placeholderCreatedWhenAccountIsHosted: false,
    links: []
  },
  mediaKey: undefined,
  id: {
    fromMe: false,
    remote: '5493533417461@c.us',
    id: '3EB067466AA87ECC09C03C',
    _serialized: 'false_5493533417461@c.us_3EB067466AA87ECC09C03C'
  },
  ack: 1,
  hasMedia: false,
  body: '1',
  type: 'chat',
  timestamp: 1711306472,
  from: '5493533417461',
  to: '5493533499701@c.us',
  author: undefined,
  deviceType: 'android',
  isForwarded: undefined,
  forwardingScore: 0,
  isStatus: false,
  isStarred: false,
  broadcast: undefined,
  fromMe: false,
  hasQuotedMsg: false,
  hasReaction: false,
  duration: undefined,
  location: undefined,
  vCards: [],
  inviteV4: undefined,
  mentionedIds: [],
  orderId: undefined,
  token: undefined,
  isGif: false,
  isEphemeral: undefined,
  links: []
}
[handleMsg]:  Message {
  _data: {
    id: {
      fromMe: false,
      remote: '5493533417461@c.us',
      id: '3EB00E743235054E6B301F',
      _serialized: 'false_5493533417461@c.us_3EB00E743235054E6B301F'
    },
    viewed: false,
    body: '0',
    type: 'chat',
    t: 1711306474,
    notifyName: 'Carina Rodríguez',
    from: '5493533417461@c.us',
    to: '5493533499701@c.us',
    ack: 1,
    invis: false,
    isNewMsg: true,
    star: false,
    kicNotified: false,
    recvFresh: true,
    isFromTemplate: false,
    thumbnail: '',
    pollInvalidated: false,
    isSentCagPollCreation: false,
    latestEditMsgKey: null,
    latestEditSenderTimestampMs: null,
    mentionedJidList: [],
    groupMentions: [],
    isEventCanceled: false,
    eventInvalidated: false,
    isVcardOverMmsDocument: false,
    hasReaction: false,
    ephemeralSettingTimestamp: 1709164245,
    disappearingModeInitiator: 'chat',
    disappearingModeTrigger: 'chat_settings',
    inviteGrpType: 'DEFAULT',
    productHeaderImageRejected: false,
    lastPlaybackProgress: 0,
    isDynamicReplyButtonsMsg: false,
    isCarouselCard: false,
    parentMsgId: null,
    isMdHistoryMsg: false,
    stickerSentTs: 0,
    isAvatar: false,
    lastUpdateFromServerTs: 0,
    invokedBotWid: null,
    bizBotType: null,
    botResponseTargetId: null,
    botPluginType: null,
    botPluginReferenceIndex: null,
    botPluginSearchProvider: null,
    botPluginSearchUrl: null,
    botPluginMaybeParent: false,
    botReelPluginThumbnailCdnUrl: null,
    botMsgBodyType: null,
    requiresDirectConnection: null,
    bizContentPlaceholderType: null,
    hostedBizEncStateMismatch: false,
    senderOrRecipientAccountTypeHosted: false,
    placeholderCreatedWhenAccountIsHosted: false,
    links: []
  },
  mediaKey: undefined,
  id: {
    fromMe: false,
    remote: '5493533417461@c.us',
    id: '3EB00E743235054E6B301F',
    _serialized: 'false_5493533417461@c.us_3EB00E743235054E6B301F'
  },
  ack: 1,
  hasMedia: false,
  body: '0',
  type: 'chat',
  timestamp: 1711306474,
  from: '5493533417461',
  to: '5493533499701@c.us',
  author: undefined,
  deviceType: 'android',
  isForwarded: undefined,
  forwardingScore: 0,
  isStatus: false,
  isStarred: false,
  broadcast: undefined,
  fromMe: false,
  hasQuotedMsg: false,
  hasReaction: false,
  duration: undefined,
  location: undefined,
  vCards: [],
  inviteV4: undefined,
  mentionedIds: [],
  orderId: undefined,
  token: undefined,
  isGif: false,
  isEphemeral: undefined,
  links: []
}
[handleMsg]:  Message {
  _data: {
    id: {
      fromMe: false,
      remote: '5493533417461@c.us',
      id: '3EB0880EC4B3A5EBCBBEFE',
      _serialized: 'false_5493533417461@c.us_3EB0880EC4B3A5EBCBBEFE'
    },
    viewed: false,
    body: 'hola',
    type: 'chat',
    t: 1711306476,
    notifyName: 'Carina Rodríguez',
    from: '5493533417461@c.us',
    to: '5493533499701@c.us',
    ack: 1,
    invis: false,
    isNewMsg: true,
    star: false,
    kicNotified: false,
    recvFresh: true,
    isFromTemplate: false,
    thumbnail: '',
    pollInvalidated: false,
    isSentCagPollCreation: false,
    latestEditMsgKey: null,
    latestEditSenderTimestampMs: null,
    mentionedJidList: [],
    groupMentions: [],
    isEventCanceled: false,
    eventInvalidated: false,
    isVcardOverMmsDocument: false,
    hasReaction: false,
    ephemeralSettingTimestamp: 1709164245,
    disappearingModeInitiator: 'chat',
    disappearingModeTrigger: 'chat_settings',
    inviteGrpType: 'DEFAULT',
    productHeaderImageRejected: false,
    lastPlaybackProgress: 0,
    isDynamicReplyButtonsMsg: false,
    isCarouselCard: false,
    parentMsgId: null,
    isMdHistoryMsg: false,
    stickerSentTs: 0,
    isAvatar: false,
    lastUpdateFromServerTs: 0,
    invokedBotWid: null,
    bizBotType: null,
    botResponseTargetId: null,
    botPluginType: null,
    botPluginReferenceIndex: null,
    botPluginSearchProvider: null,
    botPluginSearchUrl: null,
    botPluginMaybeParent: false,
    botReelPluginThumbnailCdnUrl: null,
    botMsgBodyType: null,
    requiresDirectConnection: null,
    bizContentPlaceholderType: null,
    hostedBizEncStateMismatch: false,
    senderOrRecipientAccountTypeHosted: false,
    placeholderCreatedWhenAccountIsHosted: false,
    links: []
  },
  mediaKey: undefined,
  id: {
    fromMe: false,
    remote: '5493533417461@c.us',
    id: '3EB0880EC4B3A5EBCBBEFE',
    _serialized: 'false_5493533417461@c.us_3EB0880EC4B3A5EBCBBEFE'
  },
  ack: 1,
  hasMedia: false,
  body: 'hola',
  type: 'chat',
  timestamp: 1711306476,
  from: '5493533417461',
  to: '5493533499701@c.us',
  author: undefined,
  deviceType: 'android',
  isForwarded: undefined,
  forwardingScore: 0,
  isStatus: false,
  isStarred: false,
  broadcast: undefined,
  fromMe: false,
  hasQuotedMsg: false,
  hasReaction: false,
  duration: undefined,
  location: undefined,
  vCards: [],
  inviteV4: undefined,
  mentionedIds: [],
  orderId: undefined,
  token: undefined,
  isGif: false,
  isEphemeral: undefined,
  links: []
}
[QUEUE_SE_ENVIO]:  {
  ref: 'ans_0fae8c25-30e9-4425-afe1-f8a86c5f6746',
  keyword: 'key_95290b26-2302-4411-95eb-59bdcd6fa5a3',
  answer: '__call_action__',
  options: {
    media: null,
    buttons: [],
    capture: false,
    child: null,
    delay: 0,
    idle: null,
    ref: null,
    nested: [],
    keyword: {},
    callback: true
  },
  refSerialize: 'f324efd8f4ed6a8c4eef9181b5b41615'
}
[handleMsg]:  Message {
  _data: {
    id: {
      fromMe: false,
      remote: '5493533417461@c.us',
      id: '3EB0A8B0AE2F1436CC07A3',
      _serialized: 'false_5493533417461@c.us_3EB0A8B0AE2F1436CC07A3'
    },
    viewed: false,
    body: 'fdsa',
    type: 'chat',
    t: 1711306479,
    notifyName: 'Carina Rodríguez',
    from: '5493533417461@c.us',
    to: '5493533499701@c.us',
    ack: 1,
    invis: false,
    isNewMsg: true,
    star: false,
    kicNotified: false,
    recvFresh: true,
    isFromTemplate: false,
    thumbnail: '',
    pollInvalidated: false,
    isSentCagPollCreation: false,
    latestEditMsgKey: null,
    latestEditSenderTimestampMs: null,
    mentionedJidList: [],
    groupMentions: [],
    isEventCanceled: false,
    eventInvalidated: false,
    isVcardOverMmsDocument: false,
    hasReaction: false,
    ephemeralSettingTimestamp: 1709164245,
    disappearingModeInitiator: 'chat',
    disappearingModeTrigger: 'chat_settings',
    inviteGrpType: 'DEFAULT',
    productHeaderImageRejected: false,
    lastPlaybackProgress: 0,
    isDynamicReplyButtonsMsg: false,
    isCarouselCard: false,
    parentMsgId: null,
    isMdHistoryMsg: false,
    stickerSentTs: 0,
    isAvatar: false,
    lastUpdateFromServerTs: 0,
    invokedBotWid: null,
    bizBotType: null,
    botResponseTargetId: null,
    botPluginType: null,
    botPluginReferenceIndex: null,
    botPluginSearchProvider: null,
    botPluginSearchUrl: null,
    botPluginMaybeParent: false,
    botReelPluginThumbnailCdnUrl: null,
    botMsgBodyType: null,
    requiresDirectConnection: null,
    bizContentPlaceholderType: null,
    hostedBizEncStateMismatch: false,
    senderOrRecipientAccountTypeHosted: false,
    placeholderCreatedWhenAccountIsHosted: false,
    links: []
  },
  mediaKey: undefined,
  id: {
    fromMe: false,
    remote: '5493533417461@c.us',
    id: '3EB0A8B0AE2F1436CC07A3',
    _serialized: 'false_5493533417461@c.us_3EB0A8B0AE2F1436CC07A3'
  },
  ack: 1,
  hasMedia: false,
  body: 'fdsa',
  type: 'chat',
  timestamp: 1711306479,
  from: '5493533417461',
  to: '5493533499701@c.us',
  author: undefined,
  deviceType: 'android',
  isForwarded: undefined,
  forwardingScore: 0,
  isStatus: false,
  isStarred: false,
  broadcast: undefined,
  fromMe: false,
  hasQuotedMsg: false,
  hasReaction: false,
  duration: undefined,
  location: undefined,
  vCards: [],
  inviteV4: undefined,
  mentionedIds: [],
  orderId: undefined,
  token: undefined,
  isGif: false,
  isEphemeral: undefined,
  links: []
}
